  NIR2.cpp
c:\science\нир. метод последовательных испытаний. вычисления. с++\nir2\nir2\class.h(122): warning C4018: <: несоответствие типов со знаком и без знака
c:\science\нир. метод последовательных испытаний. вычисления. с++\nir2\nir2\solveinverse.h(19): warning C4018: <=: несоответствие типов со знаком и без знака
c:\science\нир. метод последовательных испытаний. вычисления. с++\nir2\nir2\solveinverse.h(22): warning C4018: <: несоответствие типов со знаком и без знака
c:\science\нир. метод последовательных испытаний. вычисления. с++\nir2\nir2\solveinverse.h(24): warning C4018: <=: несоответствие типов со знаком и без знака
c:\science\нир. метод последовательных испытаний. вычисления. с++\nir2\nir2\solveinverse.h(57): warning C4018: <: несоответствие типов со знаком и без знака
c:\science\нир. метод последовательных испытаний. вычисления. с++\nir2\nir2\solveinverse.h(64): warning C4018: <: несоответствие типов со знаком и без знака
c:\science\нир. метод последовательных испытаний. вычисления. с++\nir2\nir2\solveinverse.h(77): warning C4018: <: несоответствие типов со знаком и без знака
c:\science\нир. метод последовательных испытаний. вычисления. с++\nir2\nir2\solveinverse.h(87): warning C4018: <: несоответствие типов со знаком и без знака
c:\science\нир. метод последовательных испытаний. вычисления. с++\nir2\nir2\solveinverse.h(92): warning C4018: <: несоответствие типов со знаком и без знака
c:\science\нир. метод последовательных испытаний. вычисления. с++\nir2\nir2\solveinverse.h(113): warning C4018: <=: несоответствие типов со знаком и без знака
c:\science\нир. метод последовательных испытаний. вычисления. с++\nir2\nir2\solveinverse.h(118): warning C4018: <: несоответствие типов со знаком и без знака
c:\science\нир. метод последовательных испытаний. вычисления. с++\nir2\nir2\solveinverse.h(122): warning C4018: <=: несоответствие типов со знаком и без знака
c:\science\нир. метод последовательных испытаний. вычисления. с++\nir2\nir2\solveinverse.h(155): warning C4018: <: несоответствие типов со знаком и без знака
c:\science\нир. метод последовательных испытаний. вычисления. с++\nir2\nir2\solveinverse.h(163): warning C4018: <: несоответствие типов со знаком и без знака
c:\science\нир. метод последовательных испытаний. вычисления. с++\nir2\nir2\solveinverse.h(166): warning C4018: <: несоответствие типов со знаком и без знака
c:\science\нир. метод последовательных испытаний. вычисления. с++\nir2\nir2\solveinverse.h(173): warning C4018: <: несоответствие типов со знаком и без знака
c:\science\нир. метод последовательных испытаний. вычисления. с++\nir2\nir2\solveinverse.h(176): warning C4018: <: несоответствие типов со знаком и без знака
c:\science\нир. метод последовательных испытаний. вычисления. с++\nir2\nir2\solveinverse.h(110): warning C4101: Finish: неиспользованная локальная переменная
c:\science\нир. метод последовательных испытаний. вычисления. с++\nir2\nir2\solveinverse.h(192): warning C4018: <=: несоответствие типов со знаком и без знака
c:\science\нир. метод последовательных испытаний. вычисления. с++\nir2\nir2\solveinverse.h(197): warning C4018: <: несоответствие типов со знаком и без знака
c:\science\нир. метод последовательных испытаний. вычисления. с++\nir2\nir2\solveinverse.h(206): warning C4018: <=: несоответствие типов со знаком и без знака
c:\science\нир. метод последовательных испытаний. вычисления. с++\nir2\nir2\solveinverse.h(353): warning C4018: <: несоответствие типов со знаком и без знака
c:\science\нир. метод последовательных испытаний. вычисления. с++\nir2\nir2\solveinverse.h(375): warning C4018: <: несоответствие типов со знаком и без знака
c:\science\нир. метод последовательных испытаний. вычисления. с++\nir2\nir2\solveinverse.h(379): warning C4018: <: несоответствие типов со знаком и без знака
c:\science\нир. метод последовательных испытаний. вычисления. с++\nir2\nir2\solveinverse.h(386): warning C4018: <: несоответствие типов со знаком и без знака
c:\science\нир. метод последовательных испытаний. вычисления. с++\nir2\nir2\solveinverse.h(391): warning C4018: <: несоответствие типов со знаком и без знака
c:\science\нир. метод последовательных испытаний. вычисления. с++\nir2\nir2\solveinverse.h(397): warning C4018: <: несоответствие типов со знаком и без знака
c:\science\нир. метод последовательных испытаний. вычисления. с++\nir2\nir2\solveinverse.h(402): warning C4018: <: несоответствие типов со знаком и без знака
c:\science\нир. метод последовательных испытаний. вычисления. с++\nir2\nir2\solveinverse.h(423): warning C4018: <: несоответствие типов со знаком и без знака
c:\science\нир. метод последовательных испытаний. вычисления. с++\nir2\nir2\solveinverse.h(436): warning C4018: <: несоответствие типов со знаком и без знака
c:\science\нир. метод последовательных испытаний. вычисления. с++\nir2\nir2\solveinverse.h(447): warning C4018: <: несоответствие типов со знаком и без знака
c:\science\нир. метод последовательных испытаний. вычисления. с++\nir2\nir2\solveinverse.h(344): warning C4101: res4: неиспользованная локальная переменная
c:\science\нир. метод последовательных испытаний. вычисления. с++\nir2\nir2\solveinverse.h(344): warning C4101: res1: неиспользованная локальная переменная
c:\science\нир. метод последовательных испытаний. вычисления. с++\nir2\nir2\solveinverse.h(344): warning C4101: res2: неиспользованная локальная переменная
c:\science\нир. метод последовательных испытаний. вычисления. с++\nir2\nir2\solveinverse.h(344): warning C4101: res3: неиспользованная локальная переменная
c:\science\нир. метод последовательных испытаний. вычисления. с++\nir2\nir2\solveinverse.h(495): warning C4018: <: несоответствие типов со знаком и без знака
c:\science\нир. метод последовательных испытаний. вычисления. с++\nir2\nir2\solveinverse.h(515): warning C4018: <: несоответствие типов со знаком и без знака
c:\science\нир. метод последовательных испытаний. вычисления. с++\nir2\nir2\solveinverse.h(534): warning C4018: <: несоответствие типов со знаком и без знака
c:\science\нир. метод последовательных испытаний. вычисления. с++\nir2\nir2\solveinverse.h(538): warning C4018: <: несоответствие типов со знаком и без знака
c:\science\нир. метод последовательных испытаний. вычисления. с++\nir2\nir2\solveinverse.h(545): warning C4018: <: несоответствие типов со знаком и без знака
c:\science\нир. метод последовательных испытаний. вычисления. с++\nir2\nir2\solveinverse.h(550): warning C4018: <: несоответствие типов со знаком и без знака
c:\science\нир. метод последовательных испытаний. вычисления. с++\nir2\nir2\solveinverse.h(556): warning C4018: <: несоответствие типов со знаком и без знака
c:\science\нир. метод последовательных испытаний. вычисления. с++\nir2\nir2\solveinverse.h(561): warning C4018: <: несоответствие типов со знаком и без знака
c:\science\нир. метод последовательных испытаний. вычисления. с++\nir2\nir2\solveinverse.h(583): warning C4018: <: несоответствие типов со знаком и без знака
c:\science\нир. метод последовательных испытаний. вычисления. с++\nir2\nir2\solveinverse.h(596): warning C4018: <: несоответствие типов со знаком и без знака
c:\science\нир. метод последовательных испытаний. вычисления. с++\nir2\nir2\solveinverse.h(610): warning C4018: <: несоответствие типов со знаком и без знака
c:\science\нир. метод последовательных испытаний. вычисления. с++\nir2\nir2\solveinverse.h(615): warning C4018: <: несоответствие типов со знаком и без знака
c:\science\нир. метод последовательных испытаний. вычисления. с++\nir2\nir2\solveinverse.h(623): warning C4018: <: несоответствие типов со знаком и без знака
c:\science\нир. метод последовательных испытаний. вычисления. с++\nir2\nir2\solveinverse.h(627): warning C4018: <: несоответствие типов со знаком и без знака
c:\science\нир. метод последовательных испытаний. вычисления. с++\nir2\nir2\solveinverse.h(634): warning C4018: <: несоответствие типов со знаком и без знака
c:\science\нир. метод последовательных испытаний. вычисления. с++\nir2\nir2\solveinverse.h(639): warning C4018: <: несоответствие типов со знаком и без знака
c:\science\нир. метод последовательных испытаний. вычисления. с++\nir2\nir2\solveinverse.h(645): warning C4018: <: несоответствие типов со знаком и без знака
c:\science\нир. метод последовательных испытаний. вычисления. с++\nir2\nir2\solveinverse.h(650): warning C4018: <: несоответствие типов со знаком и без знака
c:\science\нир. метод последовательных испытаний. вычисления. с++\nir2\nir2\solveinverse.h(672): warning C4018: <: несоответствие типов со знаком и без знака
c:\science\нир. метод последовательных испытаний. вычисления. с++\nir2\nir2\solveinverse.h(690): warning C4018: <: несоответствие типов со знаком и без знака
c:\science\нир. метод последовательных испытаний. вычисления. с++\nir2\nir2\solveinverse.h(701): warning C4018: <: несоответствие типов со знаком и без знака
c:\science\нир. метод последовательных испытаний. вычисления. с++\nir2\nir2\solveinverse.h(483): warning C4101: res4: неиспользованная локальная переменная
c:\science\нир. метод последовательных испытаний. вычисления. с++\nir2\nir2\solveinverse.h(483): warning C4101: res1: неиспользованная локальная переменная
c:\science\нир. метод последовательных испытаний. вычисления. с++\nir2\nir2\solveinverse.h(483): warning C4101: res2: неиспользованная локальная переменная
c:\science\нир. метод последовательных испытаний. вычисления. с++\nir2\nir2\solveinverse.h(483): warning C4101: res3: неиспользованная локальная переменная
c:\science\нир. метод последовательных испытаний. вычисления. с++\nir2\nir2\solveinverse.h(734): warning C4018: <: несоответствие типов со знаком и без знака
c:\science\нир. метод последовательных испытаний. вычисления. с++\nir2\nir2\solveinverse.h(736): warning C4018: <: несоответствие типов со знаком и без знака
c:\science\нир. метод последовательных испытаний. вычисления. с++\nir2\nir2\solveinverse.h(728): warning C4101: Finish: неиспользованная локальная переменная
c:\science\нир. метод последовательных испытаний. вычисления. с++\nir2\nir2\nir2.cpp(13): warning C4244: аргумент: преобразование "time_t" в "unsigned int", возможна потеря данных
  NIR2.vcxproj -> C:\Science\НИР. Метод последовательных испытаний. Вычисления. С++\NIR2\Debug\NIR2.exe
